<?xml version="1.0" encoding="UTF-8" ?>
<testsuite errors="0" failures="0" hostname="RCDDHALL" name="org.rti.webgenome.service.dao.hibernate.HibernateCytologicalMapDaoTester" tests="1" time="1.122" timestamp="2007-04-17T15:18:28">
  <properties>
[...]
</properties>
  <testcase classname="org.rti.webgenome.service.dao.hibernate.HibernateCytologicalMapDaoTester" name="testAll" time="1.112" />
  <system-out><![CDATA[2007-04-17 11:18:28,437 INFO  - Loading XML bean definitions from class path resource [org/rti/webgenome/service/dao/hibernate/beans.xml] (org.springframework.beans.factory.xml.XmlBeanDefinitionReader)
2007-04-17 11:18:28,467 INFO  - Bean factory for application context [org.springframework.context.support.ClassPathXmlApplicationContext;hashCode=32459834]: org.springframework.beans.factory.support.DefaultListableBeanFactory defining beans [propertyConfigurer,dataSource,sessionFactory,organismDao,shoppingCartDao,principalDao,cytologicalMapDao,annotatedGenomeFeatureDao]; root of BeanFactory hierarchy (org.springframework.context.support.AbstractRefreshableApplicationContext)
2007-04-17 11:18:28,467 INFO  - 8 beans defined in application context [org.springframework.context.support.ClassPathXmlApplicationContext;hashCode=32459834] (org.springframework.context.support.AbstractApplicationContext)
2007-04-17 11:18:28,467 INFO  - Creating shared instance of singleton bean 'propertyConfigurer' (org.springframework.beans.factory.support.AbstractBeanFactory)
2007-04-17 11:18:28,467 INFO  - Loading properties from class path resource [unit_test.properties] (org.springframework.beans.factory.config.PropertyResourceConfigurer)
2007-04-17 11:18:28,467 INFO  - Unable to locate MessageSource with name 'messageSource': using default [org.springframework.context.support.DelegatingMessageSource@199f67b] (org.springframework.context.support.AbstractApplicationContext)
2007-04-17 11:18:28,478 INFO  - Unable to locate ApplicationEventMulticaster with name 'applicationEventMulticaster': using default [org.springframework.context.event.SimpleApplicationEventMulticaster@1051157] (org.springframework.context.support.AbstractApplicationContext)
2007-04-17 11:18:28,478 INFO  - Pre-instantiating singletons in factory [org.springframework.beans.factory.support.DefaultListableBeanFactory defining beans [propertyConfigurer,dataSource,sessionFactory,organismDao,shoppingCartDao,principalDao,cytologicalMapDao,annotatedGenomeFeatureDao]; root of BeanFactory hierarchy] (org.springframework.beans.factory.support.DefaultListableBeanFactory)
2007-04-17 11:18:28,478 INFO  - Creating shared instance of singleton bean 'dataSource' (org.springframework.beans.factory.support.AbstractBeanFactory)
2007-04-17 11:18:28,478 INFO  - Loaded JDBC driver: oracle.jdbc.driver.OracleDriver (org.springframework.jdbc.datasource.DriverManagerDataSource)
2007-04-17 11:18:28,478 INFO  - Creating shared instance of singleton bean 'sessionFactory' (org.springframework.beans.factory.support.AbstractBeanFactory)
2007-04-17 11:18:28,478 INFO  - Mapping file: C:\projects\webgenome\build\core\classes\org\rti\webgenome\service\dao\hibernate\AnnotatedGenomeFeature.hbm.xml (org.hibernate.cfg.Configuration)
2007-04-17 11:18:28,508 INFO  - Mapping class: org.rti.webgenome.domain.AnnotatedGenomeFeature -> ANNOTATED_GENOME_FEATURE (org.hibernate.cfg.HbmBinder)
2007-04-17 11:18:28,508 INFO  - Mapping file: C:\projects\webgenome\build\core\classes\org\rti\webgenome\service\dao\hibernate\Cytoband.hbm.xml (org.hibernate.cfg.Configuration)
2007-04-17 11:18:28,528 INFO  - Mapping class: org.rti.webgenome.domain.Cytoband -> CYTOBAND (org.hibernate.cfg.HbmBinder)
2007-04-17 11:18:28,528 INFO  - Mapping file: C:\projects\webgenome\build\core\classes\org\rti\webgenome\service\dao\hibernate\CytologicalMap.hbm.xml (org.hibernate.cfg.Configuration)
2007-04-17 11:18:28,548 INFO  - Mapping class: org.rti.webgenome.domain.CytologicalMap -> CYTOLOGICAL_MAP (org.hibernate.cfg.HbmBinder)
2007-04-17 11:18:28,548 INFO  - Mapping file: C:\projects\webgenome\build\core\classes\org\rti\webgenome\service\dao\hibernate\DataSerializedBioArray.hbm.xml (org.hibernate.cfg.Configuration)
2007-04-17 11:18:28,558 INFO  - Mapping class: org.rti.webgenome.domain.DataSerializedBioAssay -> BIO_ASSAY (org.hibernate.cfg.HbmBinder)
2007-04-17 11:18:28,568 INFO  - Mapping file: C:\projects\webgenome\build\core\classes\org\rti\webgenome\service\dao\hibernate\Experiment.hbm.xml (org.hibernate.cfg.Configuration)
2007-04-17 11:18:28,578 INFO  - Mapping class: org.rti.webgenome.domain.Experiment -> EXPERIMENT (org.hibernate.cfg.HbmBinder)
2007-04-17 11:18:28,578 INFO  - Mapping file: C:\projects\webgenome\build\core\classes\org\rti\webgenome\service\dao\hibernate\Organism.hbm.xml (org.hibernate.cfg.Configuration)
2007-04-17 11:18:28,598 INFO  - Mapping class: org.rti.webgenome.domain.Organism -> ORGANISM (org.hibernate.cfg.HbmBinder)
2007-04-17 11:18:28,598 INFO  - Mapping file: C:\projects\webgenome\build\core\classes\org\rti\webgenome\service\dao\hibernate\Plot.hbm.xml (org.hibernate.cfg.Configuration)
2007-04-17 11:18:28,608 INFO  - Mapping class: org.rti.webgenome.domain.Plot -> PLOT (org.hibernate.cfg.HbmBinder)
2007-04-17 11:18:28,608 INFO  - Mapping file: C:\projects\webgenome\build\core\classes\org\rti\webgenome\service\dao\hibernate\Principal.hbm.xml (org.hibernate.cfg.Configuration)
2007-04-17 11:18:28,628 INFO  - Mapping class: org.rti.webgenome.domain.Principal -> PRINCIPAL (org.hibernate.cfg.HbmBinder)
2007-04-17 11:18:28,628 INFO  - Mapping file: C:\projects\webgenome\build\core\classes\org\rti\webgenome\service\dao\hibernate\ShoppingCart.hbm.xml (org.hibernate.cfg.Configuration)
2007-04-17 11:18:28,638 INFO  - Mapping class: org.rti.webgenome.domain.ShoppingCart -> SHOPPING_CART (org.hibernate.cfg.HbmBinder)
2007-04-17 11:18:28,638 INFO  - Building new Hibernate SessionFactory (org.springframework.orm.hibernate3.LocalSessionFactoryBean)
2007-04-17 11:18:28,638 INFO  - processing extends queue (org.hibernate.cfg.Configuration)
2007-04-17 11:18:28,638 INFO  - processing collection mappings (org.hibernate.cfg.Configuration)
2007-04-17 11:18:28,638 INFO  - Mapping collection: org.rti.webgenome.domain.AnnotatedGenomeFeature.childFeatures -> ANNOTATED_GENOME_FEATURE (org.hibernate.cfg.HbmBinder)
2007-04-17 11:18:28,638 INFO  - Mapping collection: org.rti.webgenome.domain.CytologicalMap.cytobands -> CYTOBAND (org.hibernate.cfg.HbmBinder)
2007-04-17 11:18:28,648 INFO  - Mapping collection: org.rti.webgenome.domain.Experiment.bioAssays -> BIO_ASSAY (org.hibernate.cfg.HbmBinder)
2007-04-17 11:18:28,648 INFO  - Mapping collection: org.rti.webgenome.domain.ShoppingCart.plots -> PLOT (org.hibernate.cfg.HbmBinder)
2007-04-17 11:18:28,648 INFO  - Mapping collection: org.rti.webgenome.domain.ShoppingCart.experiments -> EXPERIMENT (org.hibernate.cfg.HbmBinder)
2007-04-17 11:18:28,648 INFO  - processing association property references (org.hibernate.cfg.Configuration)
2007-04-17 11:18:28,648 INFO  - processing foreign key constraints (org.hibernate.cfg.Configuration)
2007-04-17 11:18:28,648 INFO  - Initializing connection provider: org.springframework.orm.hibernate3.LocalDataSourceConnectionProvider (org.hibernate.connection.ConnectionProviderFactory)
2007-04-17 11:18:28,688 INFO  - RDBMS: Oracle, version: Oracle Database 10g Enterprise Edition Release 10.2.0.3.0 - Production
With the Partitioning, Oracle Label Security, OLAP and Data Mining Scoring Engine options (org.hibernate.cfg.SettingsFactory)
2007-04-17 11:18:28,688 INFO  - JDBC driver: Oracle JDBC driver, version: 9.2.0.5.0 (org.hibernate.cfg.SettingsFactory)
2007-04-17 11:18:28,688 INFO  - Using dialect: org.hibernate.dialect.OracleDialect (org.hibernate.dialect.Dialect)
2007-04-17 11:18:28,688 INFO  - Using default transaction strategy (direct JDBC transactions) (org.hibernate.transaction.TransactionFactoryFactory)
2007-04-17 11:18:28,688 INFO  - No TransactionManagerLookup configured (in JTA environment, use of read-write or transactional second-level cache is not recommended) (org.hibernate.transaction.TransactionManagerLookupFactory)
2007-04-17 11:18:28,688 INFO  - Automatic flush during beforeCompletion(): disabled (org.hibernate.cfg.SettingsFactory)
2007-04-17 11:18:28,688 INFO  - Automatic session close at end of transaction: disabled (org.hibernate.cfg.SettingsFactory)
2007-04-17 11:18:28,688 INFO  - JDBC batch size: 15 (org.hibernate.cfg.SettingsFactory)
2007-04-17 11:18:28,688 INFO  - JDBC batch updates for versioned data: disabled (org.hibernate.cfg.SettingsFactory)
2007-04-17 11:18:28,688 INFO  - Scrollable result sets: enabled (org.hibernate.cfg.SettingsFactory)
2007-04-17 11:18:28,688 INFO  - JDBC3 getGeneratedKeys(): disabled (org.hibernate.cfg.SettingsFactory)
2007-04-17 11:18:28,688 INFO  - Connection release mode: null (org.hibernate.cfg.SettingsFactory)
2007-04-17 11:18:28,698 INFO  - Default batch fetch size: 1 (org.hibernate.cfg.SettingsFactory)
2007-04-17 11:18:28,698 INFO  - Generate SQL with comments: disabled (org.hibernate.cfg.SettingsFactory)
2007-04-17 11:18:28,698 INFO  - Order SQL updates by primary key: disabled (org.hibernate.cfg.SettingsFactory)
2007-04-17 11:18:28,698 INFO  - Query translator: org.hibernate.hql.ast.ASTQueryTranslatorFactory (org.hibernate.cfg.SettingsFactory)
2007-04-17 11:18:28,698 INFO  - Using ASTQueryTranslatorFactory (org.hibernate.hql.ast.ASTQueryTranslatorFactory)
2007-04-17 11:18:28,698 INFO  - Query language substitutions: {} (org.hibernate.cfg.SettingsFactory)
2007-04-17 11:18:28,698 INFO  - Second-level cache: enabled (org.hibernate.cfg.SettingsFactory)
2007-04-17 11:18:28,698 INFO  - Query cache: disabled (org.hibernate.cfg.SettingsFactory)
2007-04-17 11:18:28,698 INFO  - Cache provider: org.hibernate.cache.EhCacheProvider (org.hibernate.cfg.SettingsFactory)
2007-04-17 11:18:28,698 INFO  - Optimize cache for minimal puts: disabled (org.hibernate.cfg.SettingsFactory)
2007-04-17 11:18:28,698 INFO  - Structured second-level cache entries: disabled (org.hibernate.cfg.SettingsFactory)
2007-04-17 11:18:28,698 INFO  - Statistics: disabled (org.hibernate.cfg.SettingsFactory)
2007-04-17 11:18:28,698 INFO  - Deleted entity synthetic identifier rollback: disabled (org.hibernate.cfg.SettingsFactory)
2007-04-17 11:18:28,708 INFO  - Default entity-mode: pojo (org.hibernate.cfg.SettingsFactory)
2007-04-17 11:18:28,718 INFO  - building session factory (org.hibernate.impl.SessionFactoryImpl)
2007-04-17 11:18:28,738 INFO  - Not binding factory to JNDI, no JNDI name configured (org.hibernate.impl.SessionFactoryObjectFactory)
2007-04-17 11:18:28,738 INFO  - Checking 0 named queries (org.hibernate.impl.SessionFactoryImpl)
2007-04-17 11:18:28,738 INFO  - Creating shared instance of singleton bean 'organismDao' (org.springframework.beans.factory.support.AbstractBeanFactory)
2007-04-17 11:18:28,778 INFO  - Creating shared instance of singleton bean 'shoppingCartDao' (org.springframework.beans.factory.support.AbstractBeanFactory)
2007-04-17 11:18:28,778 INFO  - Creating shared instance of singleton bean 'principalDao' (org.springframework.beans.factory.support.AbstractBeanFactory)
2007-04-17 11:18:28,778 INFO  - Creating shared instance of singleton bean 'cytologicalMapDao' (org.springframework.beans.factory.support.AbstractBeanFactory)
2007-04-17 11:18:28,778 INFO  - Creating shared instance of singleton bean 'annotatedGenomeFeatureDao' (org.springframework.beans.factory.support.AbstractBeanFactory)
]]></system-out>
  <system-err><![CDATA[]]></system-err>
</testsuite>
